# JRE version: OpenJDK Runtime Environment Temurin-17.0.17+10 (17.0.17+10) (build 17.0.17+10)
# Java VM: OpenJDK 64-Bit Server VM Temurin-17.0.17+10 (17.0.17+10, mixed mode, sharing, tiered, compressed oops, compressed class ptrs, g1 gc, windows-amd64)
GC Precious Log:
 CPUs: 12 total, 12 available
 Memory: 7439M
 Large Page Support: Disabled
 NUMA Support: Disabled
 Compressed Oops: Enabled (Zero based)
 Heap Region Size: 4M
 Heap Min Capacity: 8M
 Heap Initial Capacity: 120M
 Heap Max Capacity: 8G
 Pre-touch: Disabled
 Parallel Workers: 10
 Concurrent Workers: 3
 Concurrent Refinement Workers: 10
 Periodic GC: Disabled
Heap:
 garbage-first heap   total 933888K, used 356824K [0x0000000600000000, 0x0000000800000000)
  region size 4096K, 34 young (139264K), 2 survivors (8192K)
 Metaspace       used 160307K, committed 161600K, reserved 1245184K
  class space    used 20962K, committed 21504K, reserved 1048576K
GC Heap History (20 events):
Event: 46.117 GC heap before
{Heap before GC invocations=38 (full 0):
 garbage-first heap   total 348160K, used 276643K [0x0000000600000000, 0x0000000800000000)
  region size 4096K, 22 young (90112K), 2 survivors (8192K)
 Metaspace       used 123387K, committed 124352K, reserved 1179648K
  class space    used 16504K, committed 16960K, reserved 1048576K
}
Event: 46.127 GC heap after
{Heap after GC invocations=39 (full 0):
 garbage-first heap   total 348160K, used 201788K [0x0000000600000000, 0x0000000800000000)
  region size 4096K, 3 young (12288K), 3 survivors (12288K)
 Metaspace       used 123387K, committed 124352K, reserved 1179648K
  class space    used 16504K, committed 16960K, reserved 1048576K
}
Event: 48.344 GC heap before
{Heap before GC invocations=40 (full 0):
 garbage-first heap   total 348160K, used 279612K [0x0000000600000000, 0x0000000800000000)
  region size 4096K, 22 young (90112K), 3 survivors (12288K)
 Metaspace       used 132435K, committed 133376K, reserved 1179648K
  class space    used 17464K, committed 17920K, reserved 1048576K
}
Event: 48.359 GC heap after
{Heap after GC invocations=41 (full 0):
 garbage-first heap   total 348160K, used 205758K [0x0000000600000000, 0x0000000800000000)
  region size 4096K, 1 young (4096K), 1 survivors (4096K)
 Metaspace       used 132435K, committed 133376K, reserved 1179648K
  class space    used 17464K, committed 17920K, reserved 1048576K
}
Event: 50.812 GC heap before
{Heap before GC invocations=41 (full 0):
 garbage-first heap   total 348160K, used 283582K [0x0000000600000000, 0x0000000800000000)
  region size 4096K, 20 young (81920K), 1 survivors (4096K)
 Metaspace       used 142182K, committed 143104K, reserved 1179648K
  class space    used 18452K, committed 18880K, reserved 1048576K
}
Event: 50.819 GC heap after
{Heap after GC invocations=42 (full 0):
 garbage-first heap   total 348160K, used 206644K [0x0000000600000000, 0x0000000800000000)
  region size 4096K, 2 young (8192K), 2 survivors (8192K)
 Metaspace       used 142182K, committed 143104K, reserved 1179648K
  class space    used 18452K, committed 18880K, reserved 1048576K
}
Event: 52.965 GC heap before
{Heap before GC invocations=43 (full 0):
 garbage-first heap   total 364544K, used 284468K [0x0000000600000000, 0x0000000800000000)
  region size 4096K, 21 young (86016K), 2 survivors (8192K)
 Metaspace       used 147955K, committed 148928K, reserved 1179648K
  class space    used 19395K, committed 19840K, reserved 1048576K
}
Event: 52.971 GC heap after
{Heap after GC invocations=44 (full 0):
 garbage-first heap   total 364544K, used 208765K [0x0000000600000000, 0x0000000800000000)
  region size 4096K, 2 young (8192K), 2 survivors (8192K)
 Metaspace       used 147955K, committed 148928K, reserved 1179648K
  class space    used 19395K, committed 19840K, reserved 1048576K
}
Event: 55.853 GC heap before
{Heap before GC invocations=44 (full 0):
 garbage-first heap   total 364544K, used 302973K [0x0000000600000000, 0x0000000800000000)
  region size 4096K, 25 young (102400K), 2 survivors (8192K)
 Metaspace       used 153028K, committed 153984K, reserved 1245184K
  class space    used 20080K, committed 20544K, reserved 1048576K
}
Event: 55.866 GC heap after
{Heap after GC invocations=45 (full 0):
 garbage-first heap   total 364544K, used 213950K [0x0000000600000000, 0x0000000800000000)
  region size 4096K, 3 young (12288K), 3 survivors (12288K)
 Metaspace       used 153028K, committed 153984K, reserved 1245184K
  class space    used 20080K, committed 20544K, reserved 1048576K
}
Event: 57.580 GC heap before
{Heap before GC invocations=46 (full 0):
 garbage-first heap   total 368640K, used 304062K [0x0000000600000000, 0x0000000800000000)
  region size 4096K, 25 young (102400K), 3 survivors (12288K)
 Metaspace       used 154569K, committed 155648K, reserved 1245184K
  class space    used 20326K, committed 20800K, reserved 1048576K
}
Event: 57.603 GC heap after
{Heap after GC invocations=47 (full 0):
 garbage-first heap   total 368640K, used 222700K [0x0000000600000000, 0x0000000800000000)
  region size 4096K, 4 young (16384K), 4 survivors (16384K)
 Metaspace       used 154569K, committed 155648K, reserved 1245184K
  class space    used 20326K, committed 20800K, reserved 1048576K
}
Event: 57.612 GC heap before
{Heap before GC invocations=47 (full 0):
 garbage-first heap   total 368640K, used 226796K [0x0000000600000000, 0x0000000800000000)
  region size 4096K, 5 young (20480K), 4 survivors (16384K)
 Metaspace       used 154569K, committed 155648K, reserved 1245184K
  class space    used 20326K, committed 20800K, reserved 1048576K
}
Event: 57.629 GC heap after
{Heap after GC invocations=48 (full 0):
 garbage-first heap   total 368640K, used 222878K [0x0000000600000000, 0x0000000800000000)
  region size 4096K, 1 young (4096K), 1 survivors (4096K)
 Metaspace       used 154569K, committed 155648K, reserved 1245184K
  class space    used 20326K, committed 20800K, reserved 1048576K
}
Event: 58.668 GC heap before
{Heap before GC invocations=48 (full 0):
 garbage-first heap   total 368640K, used 304798K [0x0000000600000000, 0x0000000800000000)
  region size 4096K, 22 young (90112K), 1 survivors (4096K)
 Metaspace       used 155296K, committed 156416K, reserved 1245184K
  class space    used 20436K, committed 20928K, reserved 1048576K
}
Event: 58.676 GC heap after
{Heap after GC invocations=49 (full 0):
 garbage-first heap   total 368640K, used 232199K [0x0000000600000000, 0x0000000800000000)
  region size 4096K, 3 young (12288K), 3 survivors (12288K)
 Metaspace       used 155296K, committed 156416K, reserved 1245184K
  class space    used 20436K, committed 20928K, reserved 1048576K
}
Event: 59.772 GC heap before
{Heap before GC invocations=50 (full 0):
 garbage-first heap   total 405504K, used 305927K [0x0000000600000000, 0x0000000800000000)
  region size 4096K, 21 young (86016K), 3 survivors (12288K)
 Metaspace       used 156923K, committed 158208K, reserved 1245184K
  class space    used 20695K, committed 21248K, reserved 1048576K
}
Event: 59.785 GC heap after
{Heap after GC invocations=51 (full 0):
 garbage-first heap   total 933888K, used 241657K [0x0000000600000000, 0x0000000800000000)
  region size 4096K, 3 young (12288K), 3 survivors (12288K)
 Metaspace       used 156923K, committed 158208K, reserved 1245184K
  class space    used 20695K, committed 21248K, reserved 1048576K
}
Event: 60.206 GC heap before
{Heap before GC invocations=51 (full 0):
 garbage-first heap   total 933888K, used 270329K [0x0000000600000000, 0x0000000800000000)
  region size 4096K, 11 young (45056K), 3 survivors (12288K)
 Metaspace       used 158293K, committed 159552K, reserved 1245184K
  class space    used 20812K, committed 21376K, reserved 1048576K
}
Event: 60.218 GC heap after
{Heap after GC invocations=52 (full 0):
 garbage-first heap   total 933888K, used 233944K [0x0000000600000000, 0x0000000800000000)
  region size 4096K, 2 young (8192K), 2 survivors (8192K)
 Metaspace       used 158293K, committed 159552K, reserved 1245184K
  class space    used 20812K, committed 21376K, reserved 1048576K
}

