# JRE version: OpenJDK Runtime Environment Temurin-17.0.17+10 (17.0.17+10) (build 17.0.17+10)
# Java VM: OpenJDK 64-Bit Server VM Temurin-17.0.17+10 (17.0.17+10, mixed mode, sharing, tiered, compressed oops, compressed class ptrs, g1 gc, windows-amd64)
GC Precious Log:
 CPUs: 12 total, 12 available
 Memory: 7439M
 Large Page Support: Disabled
 NUMA Support: Disabled
 Compressed Oops: Enabled (Zero based)
 Heap Region Size: 4M
 Heap Min Capacity: 8M
 Heap Initial Capacity: 120M
 Heap Max Capacity: 8G
 Pre-touch: Disabled
 Parallel Workers: 10
 Concurrent Workers: 3
 Concurrent Refinement Workers: 10
 Periodic GC: Disabled
Heap:
 garbage-first heap   total 1368064K, used 762283K [0x0000000600000000, 0x0000000800000000)
  region size 4096K, 7 young (28672K), 7 survivors (28672K)
 Metaspace       used 181559K, committed 184064K, reserved 1245184K
  class space    used 23840K, committed 25024K, reserved 1048576K
GC Heap History (20 events):
Event: 1432.274 GC heap after
{Heap after GC invocations=63 (full 0):
 garbage-first heap   total 1368064K, used 522855K [0x0000000600000000, 0x0000000800000000)
  region size 4096K, 13 young (53248K), 13 survivors (53248K)
 Metaspace       used 178286K, committed 180480K, reserved 1245184K
  class space    used 23653K, committed 24640K, reserved 1048576K
}
Event: 1450.159 GC heap before
{Heap before GC invocations=63 (full 0):
 garbage-first heap   total 1368064K, used 748135K [0x0000000600000000, 0x0000000800000000)
  region size 4096K, 69 young (282624K), 13 survivors (53248K)
 Metaspace       used 178951K, committed 181184K, reserved 1245184K
  class space    used 23677K, committed 24704K, reserved 1048576K
}
Event: 1450.403 GC heap after
{Heap after GC invocations=64 (full 0):
 garbage-first heap   total 1368064K, used 533075K [0x0000000600000000, 0x0000000800000000)
  region size 4096K, 4 young (16384K), 4 survivors (16384K)
 Metaspace       used 178951K, committed 181184K, reserved 1245184K
  class space    used 23677K, committed 24704K, reserved 1048576K
}
Event: 1453.958 GC heap before
{Heap before GC invocations=64 (full 0):
 garbage-first heap   total 1368064K, used 1016403K [0x0000000600000000, 0x0000000800000000)
  region size 4096K, 98 young (401408K), 4 survivors (16384K)
 Metaspace       used 179580K, committed 181824K, reserved 1245184K
  class space    used 23700K, committed 24704K, reserved 1048576K
}
Event: 1454.000 GC heap after
{Heap after GC invocations=65 (full 0):
 garbage-first heap   total 1368064K, used 636409K [0x0000000600000000, 0x0000000800000000)
  region size 4096K, 9 young (36864K), 9 survivors (36864K)
 Metaspace       used 179580K, committed 181824K, reserved 1245184K
  class space    used 23700K, committed 24704K, reserved 1048576K
}
Event: 1454.887 GC heap before
{Heap before GC invocations=65 (full 0):
 garbage-first heap   total 1368064K, used 1099257K [0x0000000600000000, 0x0000000800000000)
  region size 4096K, 117 young (479232K), 9 survivors (36864K)
 Metaspace       used 179725K, committed 181952K, reserved 1245184K
  class space    used 23703K, committed 24704K, reserved 1048576K
}
Event: 1455.043 GC heap after
{Heap after GC invocations=66 (full 0):
 garbage-first heap   total 1368064K, used 658324K [0x0000000600000000, 0x0000000800000000)
  region size 4096K, 15 young (61440K), 15 survivors (61440K)
 Metaspace       used 179725K, committed 181952K, reserved 1245184K
  class space    used 23703K, committed 24704K, reserved 1048576K
}
Event: 1455.345 GC heap before
{Heap before GC invocations=66 (full 0):
 garbage-first heap   total 1368064K, used 875412K [0x0000000600000000, 0x0000000800000000)
  region size 4096K, 68 young (278528K), 15 survivors (61440K)
 Metaspace       used 179793K, committed 182016K, reserved 1245184K
  class space    used 23704K, committed 24704K, reserved 1048576K
}
Event: 1455.393 GC heap after
{Heap after GC invocations=67 (full 0):
 garbage-first heap   total 1368064K, used 684031K [0x0000000600000000, 0x0000000800000000)
  region size 4096K, 9 young (36864K), 9 survivors (36864K)
 Metaspace       used 179793K, committed 182016K, reserved 1245184K
  class space    used 23704K, committed 24704K, reserved 1048576K
}
Event: 1456.043 GC heap before
{Heap before GC invocations=67 (full 0):
 garbage-first heap   total 1368064K, used 860159K [0x0000000600000000, 0x0000000800000000)
  region size 4096K, 53 young (217088K), 9 survivors (36864K)
 Metaspace       used 179913K, committed 182144K, reserved 1245184K
  class space    used 23713K, committed 24704K, reserved 1048576K
}
Event: 1456.071 GC heap after
{Heap after GC invocations=68 (full 0):
 garbage-first heap   total 1368064K, used 705547K [0x0000000600000000, 0x0000000800000000)
  region size 4096K, 5 young (20480K), 5 survivors (20480K)
 Metaspace       used 179913K, committed 182144K, reserved 1245184K
  class space    used 23713K, committed 24704K, reserved 1048576K
}
Event: 1457.710 GC heap before
{Heap before GC invocations=68 (full 0):
 garbage-first heap   total 1368064K, used 1070091K [0x0000000600000000, 0x0000000800000000)
  region size 4096K, 90 young (368640K), 5 survivors (20480K)
 Metaspace       used 179936K, committed 182208K, reserved 1245184K
  class space    used 23714K, committed 24768K, reserved 1048576K
}
Event: 1457.742 GC heap after
{Heap after GC invocations=69 (full 0):
 garbage-first heap   total 1368064K, used 762880K [0x0000000600000000, 0x0000000800000000)
  region size 4096K, 12 young (49152K), 12 survivors (49152K)
 Metaspace       used 179936K, committed 182208K, reserved 1245184K
  class space    used 23714K, committed 24768K, reserved 1048576K
}
Event: 1462.889 GC heap before
{Heap before GC invocations=69 (full 0):
 garbage-first heap   total 1368064K, used 1221632K [0x0000000600000000, 0x0000000800000000)
  region size 4096K, 89 young (364544K), 12 survivors (49152K)
 Metaspace       used 180424K, committed 182720K, reserved 1245184K
  class space    used 23739K, committed 24768K, reserved 1048576K
}
Event: 1462.924 GC heap after
{Heap after GC invocations=70 (full 0):
 garbage-first heap   total 1368064K, used 793193K [0x0000000600000000, 0x0000000800000000)
  region size 4096K, 5 young (20480K), 5 survivors (20480K)
 Metaspace       used 180424K, committed 182720K, reserved 1245184K
  class space    used 23739K, committed 24768K, reserved 1048576K
}
Event: 1881.441 GC heap before
{Heap before GC invocations=70 (full 0):
 garbage-first heap   total 1368064K, used 1096297K [0x0000000600000000, 0x0000000800000000)
  region size 4096K, 80 young (327680K), 5 survivors (20480K)
 Metaspace       used 180972K, committed 183360K, reserved 1245184K
  class space    used 23793K, committed 24896K, reserved 1048576K
}
Event: 1881.507 GC heap after
{Heap after GC invocations=71 (full 0):
 garbage-first heap   total 1368064K, used 735207K [0x0000000600000000, 0x0000000800000000)
  region size 4096K, 7 young (28672K), 7 survivors (28672K)
 Metaspace       used 180972K, committed 183360K, reserved 1245184K
  class space    used 23793K, committed 24896K, reserved 1048576K
}
Event: 1882.156 GC heap before
{Heap before GC invocations=71 (full 0):
 garbage-first heap   total 1368064K, used 772071K [0x0000000600000000, 0x0000000800000000)
  region size 4096K, 16 young (65536K), 7 survivors (28672K)
 Metaspace       used 181112K, committed 183488K, reserved 1245184K
  class space    used 23805K, committed 24896K, reserved 1048576K
}
Event: 1882.198 GC heap after
{Heap after GC invocations=72 (full 0):
 garbage-first heap   total 1368064K, used 741735K [0x0000000600000000, 0x0000000800000000)
  region size 4096K, 2 young (8192K), 2 survivors (8192K)
 Metaspace       used 181112K, committed 183488K, reserved 1245184K
  class space    used 23805K, committed 24896K, reserved 1048576K
}
Event: 2843.701 GC heap before
{Heap before GC invocations=72 (full 0):
 garbage-first heap   total 1368064K, used 1093991K [0x0000000600000000, 0x0000000800000000)
  region size 4096K, 88 young (360448K), 2 survivors (8192K)
 Metaspace       used 181559K, committed 184064K, reserved 1245184K
  class space    used 23840K, committed 25024K, reserved 1048576K
}

