# JRE version: OpenJDK Runtime Environment Temurin-17.0.17+10 (17.0.17+10) (build 17.0.17+10)
# Java VM: OpenJDK 64-Bit Server VM Temurin-17.0.17+10 (17.0.17+10, mixed mode, sharing, tiered, compressed oops, compressed class ptrs, g1 gc, windows-amd64)
GC Precious Log:
 CPUs: 12 total, 12 available
 Memory: 7439M
 Large Page Support: Disabled
 NUMA Support: Disabled
 Compressed Oops: Enabled (Zero based)
 Heap Region Size: 4M
 Heap Min Capacity: 8M
 Heap Initial Capacity: 120M
 Heap Max Capacity: 8G
 Pre-touch: Disabled
 Parallel Workers: 10
 Concurrent Workers: 3
 Concurrent Refinement Workers: 10
 Periodic GC: Disabled
Heap:
 garbage-first heap   total 1089536K, used 839847K [0x0000000600000000, 0x0000000800000000)
  region size 4096K, 65 young (266240K), 10 survivors (40960K)
 Metaspace       used 177119K, committed 179456K, reserved 1245184K
  class space    used 23414K, committed 24512K, reserved 1048576K
GC Heap History (20 events):
Event: 64.463 GC heap before
{Heap before GC invocations=71 (full 0):
 garbage-first heap   total 1089536K, used 828136K [0x0000000600000000, 0x0000000800000000)
  region size 4096K, 89 young (364544K), 3 survivors (12288K)
 Metaspace       used 163967K, committed 165568K, reserved 1245184K
  class space    used 21978K, committed 22720K, reserved 1048576K
}
Event: 64.523 GC heap after
{Heap after GC invocations=72 (full 0):
 garbage-first heap   total 1089536K, used 542574K [0x0000000600000000, 0x0000000800000000)
  region size 4096K, 12 young (49152K), 12 survivors (49152K)
 Metaspace       used 163967K, committed 165568K, reserved 1245184K
  class space    used 21978K, committed 22720K, reserved 1048576K
}
Event: 66.628 GC heap before
{Heap before GC invocations=72 (full 0):
 garbage-first heap   total 1089536K, used 870254K [0x0000000600000000, 0x0000000800000000)
  region size 4096K, 84 young (344064K), 12 survivors (49152K)
 Metaspace       used 165892K, committed 167424K, reserved 1245184K
  class space    used 22271K, committed 22976K, reserved 1048576K
}
Event: 66.661 GC heap after
{Heap after GC invocations=73 (full 0):
 garbage-first heap   total 1089536K, used 524311K [0x0000000600000000, 0x0000000800000000)
  region size 4096K, 4 young (16384K), 4 survivors (16384K)
 Metaspace       used 165892K, committed 167424K, reserved 1245184K
  class space    used 22271K, committed 22976K, reserved 1048576K
}
Event: 234.462 GC heap before
{Heap before GC invocations=73 (full 0):
 garbage-first heap   total 1089536K, used 983063K [0x0000000600000000, 0x0000000800000000)
  region size 4096K, 85 young (348160K), 4 survivors (16384K)
 Metaspace       used 173258K, committed 174976K, reserved 1245184K
  class space    used 23027K, committed 23808K, reserved 1048576K
}
Event: 234.792 GC heap after
{Heap after GC invocations=74 (full 0):
 garbage-first heap   total 1089536K, used 525371K [0x0000000600000000, 0x0000000800000000)
  region size 4096K, 5 young (20480K), 5 survivors (20480K)
 Metaspace       used 173258K, committed 174976K, reserved 1245184K
  class space    used 23027K, committed 23808K, reserved 1048576K
}
Event: 236.324 GC heap before
{Heap before GC invocations=74 (full 0):
 garbage-first heap   total 1089536K, used 558139K [0x0000000600000000, 0x0000000800000000)
  region size 4096K, 13 young (53248K), 5 survivors (20480K)
 Metaspace       used 173331K, committed 175040K, reserved 1245184K
  class space    used 23029K, committed 23808K, reserved 1048576K
}
Event: 236.387 GC heap after
{Heap after GC invocations=75 (full 0):
 garbage-first heap   total 1089536K, used 528224K [0x0000000600000000, 0x0000000800000000)
  region size 4096K, 2 young (8192K), 2 survivors (8192K)
 Metaspace       used 173331K, committed 175040K, reserved 1245184K
  class space    used 23029K, committed 23808K, reserved 1048576K
}
Event: 237.462 GC heap before
{Heap before GC invocations=75 (full 0):
 garbage-first heap   total 1089536K, used 573280K [0x0000000600000000, 0x0000000800000000)
  region size 4096K, 13 young (53248K), 2 survivors (8192K)
 Metaspace       used 173615K, committed 175360K, reserved 1245184K
  class space    used 23058K, committed 23872K, reserved 1048576K
}
Event: 237.482 GC heap after
{Heap after GC invocations=76 (full 0):
 garbage-first heap   total 1089536K, used 534339K [0x0000000600000000, 0x0000000800000000)
  region size 4096K, 2 young (8192K), 2 survivors (8192K)
 Metaspace       used 173615K, committed 175360K, reserved 1245184K
  class space    used 23058K, committed 23872K, reserved 1048576K
}
Event: 248.952 GC heap before
{Heap before GC invocations=76 (full 0):
 garbage-first heap   total 1089536K, used 624451K [0x0000000600000000, 0x0000000800000000)
  region size 4096K, 25 young (102400K), 2 survivors (8192K)
 Metaspace       used 174076K, committed 175808K, reserved 1245184K
  class space    used 23100K, committed 23872K, reserved 1048576K
}
Event: 249.054 GC heap after
{Heap after GC invocations=77 (full 0):
 garbage-first heap   total 1089536K, used 548388K [0x0000000600000000, 0x0000000800000000)
  region size 4096K, 4 young (16384K), 4 survivors (16384K)
 Metaspace       used 174076K, committed 175808K, reserved 1245184K
  class space    used 23100K, committed 23872K, reserved 1048576K
}
Event: 253.808 GC heap before
{Heap before GC invocations=77 (full 0):
 garbage-first heap   total 1089536K, used 646692K [0x0000000600000000, 0x0000000800000000)
  region size 4096K, 29 young (118784K), 4 survivors (16384K)
 Metaspace       used 174609K, committed 176512K, reserved 1245184K
  class space    used 23153K, committed 24000K, reserved 1048576K
}
Event: 253.835 GC heap after
{Heap after GC invocations=78 (full 0):
 garbage-first heap   total 1089536K, used 556699K [0x0000000600000000, 0x0000000800000000)
  region size 4096K, 2 young (8192K), 2 survivors (8192K)
 Metaspace       used 174609K, committed 176512K, reserved 1245184K
  class space    used 23153K, committed 24000K, reserved 1048576K
}
Event: 287.489 GC heap before
{Heap before GC invocations=78 (full 0):
 garbage-first heap   total 1089536K, used 798363K [0x0000000600000000, 0x0000000800000000)
  region size 4096K, 61 young (249856K), 2 survivors (8192K)
 Metaspace       used 175483K, committed 177536K, reserved 1245184K
  class space    used 23267K, committed 24192K, reserved 1048576K
}
Event: 287.579 GC heap after
{Heap after GC invocations=79 (full 0):
 garbage-first heap   total 1089536K, used 575329K [0x0000000600000000, 0x0000000800000000)
  region size 4096K, 7 young (28672K), 7 survivors (28672K)
 Metaspace       used 175483K, committed 177536K, reserved 1245184K
  class space    used 23267K, committed 24192K, reserved 1048576K
}
Event: 290.974 GC heap before
{Heap before GC invocations=79 (full 0):
 garbage-first heap   total 1089536K, used 743265K [0x0000000600000000, 0x0000000800000000)
  region size 4096K, 48 young (196608K), 7 survivors (28672K)
 Metaspace       used 176091K, committed 178240K, reserved 1245184K
  class space    used 23318K, committed 24320K, reserved 1048576K
}
Event: 291.022 GC heap after
{Heap after GC invocations=80 (full 0):
 garbage-first heap   total 1089536K, used 592435K [0x0000000600000000, 0x0000000800000000)
  region size 4096K, 5 young (20480K), 5 survivors (20480K)
 Metaspace       used 176091K, committed 178240K, reserved 1245184K
  class space    used 23318K, committed 24320K, reserved 1048576K
}
Event: 595.137 GC heap before
{Heap before GC invocations=80 (full 0):
 garbage-first heap   total 1089536K, used 879155K [0x0000000600000000, 0x0000000800000000)
  region size 4096K, 76 young (311296K), 5 survivors (20480K)
 Metaspace       used 176859K, committed 179136K, reserved 1245184K
  class space    used 23393K, committed 24448K, reserved 1048576K
}
Event: 595.247 GC heap after
{Heap after GC invocations=81 (full 0):
 garbage-first heap   total 1089536K, used 618663K [0x0000000600000000, 0x0000000800000000)
  region size 4096K, 10 young (40960K), 10 survivors (40960K)
 Metaspace       used 176859K, committed 179136K, reserved 1245184K
  class space    used 23393K, committed 24448K, reserved 1048576K
}

