# JRE version: OpenJDK Runtime Environment Temurin-17.0.17+10 (17.0.17+10) (build 17.0.17+10)
# Java VM: OpenJDK 64-Bit Server VM Temurin-17.0.17+10 (17.0.17+10, mixed mode, sharing, tiered, compressed oops, compressed class ptrs, g1 gc, windows-amd64)
GC Precious Log:
 CPUs: 12 total, 12 available
 Memory: 7439M
 Large Page Support: Disabled
 NUMA Support: Disabled
 Compressed Oops: Enabled (Zero based)
 Heap Region Size: 4M
 Heap Min Capacity: 8M
 Heap Initial Capacity: 120M
 Heap Max Capacity: 8G
 Pre-touch: Disabled
 Parallel Workers: 10
 Concurrent Workers: 3
 Concurrent Refinement Workers: 10
 Periodic GC: Disabled
Heap:
 garbage-first heap   total 180224K, used 114202K [0x0000000600000000, 0x0000000800000000)
  region size 4096K, 7 young (28672K), 1 survivors (4096K)
 Metaspace       used 117704K, committed 118400K, reserved 1179648K
  class space    used 15476K, committed 15808K, reserved 1048576K
GC Heap History (20 events):
Event: 14.460 GC heap before
{Heap before GC invocations=25 (full 0):
 garbage-first heap   total 139264K, used 106980K [0x0000000600000000, 0x0000000800000000)
  region size 4096K, 10 young (40960K), 1 survivors (4096K)
 Metaspace       used 90468K, committed 91072K, reserved 1179648K
  class space    used 11627K, committed 11904K, reserved 1048576K
}
Event: 14.463 GC heap after
{Heap after GC invocations=26 (full 0):
 garbage-first heap   total 139264K, used 74403K [0x0000000600000000, 0x0000000800000000)
  region size 4096K, 1 young (4096K), 1 survivors (4096K)
 Metaspace       used 90468K, committed 91072K, reserved 1179648K
  class space    used 11627K, committed 11904K, reserved 1048576K
}
Event: 15.042 GC heap before
{Heap before GC invocations=27 (full 0):
 garbage-first heap   total 139264K, used 107171K [0x0000000600000000, 0x0000000800000000)
  region size 4096K, 10 young (40960K), 1 survivors (4096K)
 Metaspace       used 95562K, committed 96128K, reserved 1179648K
  class space    used 12080K, committed 12352K, reserved 1048576K
}
Event: 15.045 GC heap after
{Heap after GC invocations=28 (full 0):
 garbage-first heap   total 139264K, used 74330K [0x0000000600000000, 0x0000000800000000)
  region size 4096K, 1 young (4096K), 1 survivors (4096K)
 Metaspace       used 95562K, committed 96128K, reserved 1179648K
  class space    used 12080K, committed 12352K, reserved 1048576K
}
Event: 15.919 GC heap before
{Heap before GC invocations=28 (full 0):
 garbage-first heap   total 139264K, used 111194K [0x0000000600000000, 0x0000000800000000)
  region size 4096K, 10 young (40960K), 1 survivors (4096K)
 Metaspace       used 99159K, committed 99712K, reserved 1179648K
  class space    used 12650K, committed 12928K, reserved 1048576K
}
Event: 15.922 GC heap after
{Heap after GC invocations=29 (full 0):
 garbage-first heap   total 139264K, used 75971K [0x0000000600000000, 0x0000000800000000)
  region size 4096K, 2 young (8192K), 2 survivors (8192K)
 Metaspace       used 99159K, committed 99712K, reserved 1179648K
  class space    used 12650K, committed 12928K, reserved 1048576K
}
Event: 16.664 GC heap before
{Heap before GC invocations=30 (full 0):
 garbage-first heap   total 163840K, used 108739K [0x0000000600000000, 0x0000000800000000)
  region size 4096K, 10 young (40960K), 2 survivors (8192K)
 Metaspace       used 101044K, committed 101632K, reserved 1179648K
  class space    used 12981K, committed 13248K, reserved 1048576K
}
Event: 16.668 GC heap after
{Heap after GC invocations=31 (full 0):
 garbage-first heap   total 163840K, used 76961K [0x0000000600000000, 0x0000000800000000)
  region size 4096K, 2 young (8192K), 2 survivors (8192K)
 Metaspace       used 101044K, committed 101632K, reserved 1179648K
  class space    used 12981K, committed 13248K, reserved 1048576K
}
Event: 17.769 GC heap before
{Heap before GC invocations=31 (full 0):
 garbage-first heap   total 163840K, used 134305K [0x0000000600000000, 0x0000000800000000)
  region size 4096K, 16 young (65536K), 2 survivors (8192K)
 Metaspace       used 105722K, committed 106304K, reserved 1179648K
  class space    used 13747K, committed 14016K, reserved 1048576K
}
Event: 17.774 GC heap after
{Heap after GC invocations=32 (full 0):
 garbage-first heap   total 163840K, used 81138K [0x0000000600000000, 0x0000000800000000)
  region size 4096K, 2 young (8192K), 2 survivors (8192K)
 Metaspace       used 105722K, committed 106304K, reserved 1179648K
  class space    used 13747K, committed 14016K, reserved 1048576K
}
Event: 18.491 GC heap before
{Heap before GC invocations=32 (full 0):
 garbage-first heap   total 163840K, used 134386K [0x0000000600000000, 0x0000000800000000)
  region size 4096K, 16 young (65536K), 2 survivors (8192K)
 Metaspace       used 109337K, committed 110016K, reserved 1179648K
  class space    used 14327K, committed 14656K, reserved 1048576K
}
Event: 18.496 GC heap after
{Heap after GC invocations=33 (full 0):
 garbage-first heap   total 163840K, used 85102K [0x0000000600000000, 0x0000000800000000)
  region size 4096K, 2 young (8192K), 2 survivors (8192K)
 Metaspace       used 109337K, committed 110016K, reserved 1179648K
  class space    used 14327K, committed 14656K, reserved 1048576K
}
Event: 18.896 GC heap before
{Heap before GC invocations=33 (full 0):
 garbage-first heap   total 163840K, used 105582K [0x0000000600000000, 0x0000000800000000)
  region size 4096K, 8 young (32768K), 2 survivors (8192K)
 Metaspace       used 111700K, committed 112384K, reserved 1179648K
  class space    used 14667K, committed 14976K, reserved 1048576K
}
Event: 18.900 GC heap after
{Heap after GC invocations=34 (full 0):
 garbage-first heap   total 163840K, used 87994K [0x0000000600000000, 0x0000000800000000)
  region size 4096K, 2 young (8192K), 2 survivors (8192K)
 Metaspace       used 111700K, committed 112384K, reserved 1179648K
  class space    used 14667K, committed 14976K, reserved 1048576K
}
Event: 19.542 GC heap before
{Heap before GC invocations=35 (full 0):
 garbage-first heap   total 172032K, used 133050K [0x0000000600000000, 0x0000000800000000)
  region size 4096K, 11 young (45056K), 2 survivors (8192K)
 Metaspace       used 114229K, committed 114880K, reserved 1179648K
  class space    used 15005K, committed 15296K, reserved 1048576K
}
Event: 19.546 GC heap after
{Heap after GC invocations=36 (full 0):
 garbage-first heap   total 172032K, used 99484K [0x0000000600000000, 0x0000000800000000)
  region size 4096K, 2 young (8192K), 2 survivors (8192K)
 Metaspace       used 114229K, committed 114880K, reserved 1179648K
  class space    used 15005K, committed 15296K, reserved 1048576K
}
Event: 19.602 GC heap before
{Heap before GC invocations=36 (full 0):
 garbage-first heap   total 172032K, used 103580K [0x0000000600000000, 0x0000000800000000)
  region size 4096K, 3 young (12288K), 2 survivors (8192K)
 Metaspace       used 114498K, committed 115136K, reserved 1179648K
  class space    used 15038K, committed 15360K, reserved 1048576K
}
Event: 19.605 GC heap after
{Heap after GC invocations=37 (full 0):
 garbage-first heap   total 172032K, used 97184K [0x0000000600000000, 0x0000000800000000)
  region size 4096K, 1 young (4096K), 1 survivors (4096K)
 Metaspace       used 114498K, committed 115136K, reserved 1179648K
  class space    used 15038K, committed 15360K, reserved 1048576K
}
Event: 20.101 GC heap before
{Heap before GC invocations=37 (full 0):
 garbage-first heap   total 172032K, used 129952K [0x0000000600000000, 0x0000000800000000)
  region size 4096K, 9 young (36864K), 1 survivors (4096K)
 Metaspace       used 116599K, committed 117248K, reserved 1179648K
  class space    used 15328K, committed 15616K, reserved 1048576K
}
Event: 20.104 GC heap after
{Heap after GC invocations=38 (full 0):
 garbage-first heap   total 172032K, used 97818K [0x0000000600000000, 0x0000000800000000)
  region size 4096K, 1 young (4096K), 1 survivors (4096K)
 Metaspace       used 116599K, committed 117248K, reserved 1179648K
  class space    used 15328K, committed 15616K, reserved 1048576K
}

